Exporter version: 5.4.0, Blender version: 2.79 (sub 0)
========= Conversion from Blender to Babylon.js =========
	Scene settings used:
		selected layers only:  false
		flat shading entire scene:  false
		inline textures:  false
		texture directory:  /Users/Tanya/Desktop/3d/fishSchool/
	Python World class constructor completed
	processing begun of mesh:  Cube
		processing begun of Standard material:  tail
		processing begun of Standard material:  body
		processing begun of Standard material:  fins
		processing begun of multimaterial:  fish.Multimaterial#0
		num positions      :  80
		num normals        :  80
		num uvs            :  0
		num uvs2           :  0
		num colors         :  0
		num indices        :  300
		WARNING: # of 0 area faces found:  4
	processing begun of camera (UniversalCamera):  Camera
	processing begun of light (POINT):  Lamp
========= Writing of scene file started =========
========= Writing of scene file completed =========
========= end of processing =========
elapsed time:  0 min, 0.044 secs
